#
# There is insufficient memory for the Java Runtime Environment to continue.
# Native memory allocation (malloc) failed to allocate 1047696 bytes for Chunk::new
# Possible reasons:
#   The system is out of physical RAM or swap space
#   In 32 bit mode, the process size limit was hit
# Possible solutions:
#   Reduce memory load on the system
#   Increase physical memory or swap space
#   Check if swap backing store is full
#   Use 64 bit Java on a 64 bit OS
#   Decrease Java heap size (-Xmx/-Xms)
#   Decrease number of Java threads
#   Decrease Java thread stack sizes (-Xss)
#   Set larger code cache with -XX:ReservedCodeCacheSize=
# This output file may be truncated or incomplete.
#
#  Out of Memory Error (allocation.cpp:390), pid=11660, tid=0x0000000000003734
#
# JRE version: Java(TM) SE Runtime Environment (8.0_152-b16) (build 1.8.0_152-b16)
# Java VM: Java HotSpot(TM) 64-Bit Server VM (25.152-b16 mixed mode windows-amd64 compressed oops)
# Failed to write core dump. Minidumps are not enabled by default on client versions of Windows
#

---------------  T H R E A D  ---------------

Current thread (0x000000001db7d000):  JavaThread "C2 CompilerThread1" daemon [_thread_in_native, id=14132, stack(0x000000001e340000,0x000000001e440000)]

Stack: [0x000000001e340000,0x000000001e440000]
[error occurred during error reporting (printing stack bounds), id 0xc0000005]

Native frames: (J=compiled Java code, j=interpreted, Vv=VM code, C=native code)


Current CompileTask:
C2:   2357 2727       4       org.apache.maven.repository.internal.ArtifactDescriptorReaderDelegate::convert (194 bytes)


---------------  P R O C E S S  ---------------

Java Threads: ( => current thread )
  0x000000001dbea000 JavaThread "Service Thread" daemon [_thread_blocked, id=19184, stack(0x000000001e540000,0x000000001e640000)]
  0x000000001db7e000 JavaThread "C1 CompilerThread2" daemon [_thread_blocked, id=19408, stack(0x000000001e440000,0x000000001e540000)]
=>0x000000001db7d000 JavaThread "C2 CompilerThread1" daemon [_thread_in_native, id=14132, stack(0x000000001e340000,0x000000001e440000)]
  0x000000001db7b000 JavaThread "C2 CompilerThread0" daemon [_thread_in_native, id=9828, stack(0x000000001e240000,0x000000001e340000)]
  0x000000001db64800 JavaThread "Monitor Ctrl-Break" daemon [_thread_in_native, id=17296, stack(0x000000001e140000,0x000000001e240000)]
  0x000000001c7ea800 JavaThread "Attach Listener" daemon [_thread_blocked, id=19696, stack(0x000000001e040000,0x000000001e140000)]
  0x000000001c84e000 JavaThread "Signal Dispatcher" daemon [_thread_blocked, id=13944, stack(0x000000001df40000,0x000000001e040000)]
  0x000000000322d800 JavaThread "Finalizer" daemon [_thread_blocked, id=18764, stack(0x000000001da40000,0x000000001db40000)]
  0x000000001c7b9000 JavaThread "Reference Handler" daemon [_thread_blocked, id=20040, stack(0x000000001d940000,0x000000001da40000)]
  0x0000000002dae800 JavaThread "main" [_thread_in_native, id=17004, stack(0x0000000002eb0000,0x0000000002fb0000)]

Other Threads:
  0x000000001c7b8000 VMThread [stack: 0x000000001d840000,0x000000001d940000] [id=18388]
  0x000000001dc4b000 WatcherThread [stack: 0x000000001e650000,0x000000001e750000] [id=17148]

VM state:not at safepoint (normal execution)

VM Mutex/Monitor currently owned by a thread: None

Heap:
 PSYoungGen      total 76288K, used 15838K [0x000000076b500000, 0x0000000774a00000, 0x00000007c0000000)
  eden space 65536K, 7% used [0x000000076b500000,0x000000076b9fd9c8,0x000000076f500000)
  from space 10752K, 99% used [0x000000076f500000,0x000000076ff7a040,0x000000076ff80000)
  to   space 10752K, 0% used [0x0000000773f80000,0x0000000773f80000,0x0000000774a00000)
 ParOldGen       total 175104K, used 7670K [0x00000006c1e00000, 0x00000006cc900000, 0x000000076b500000)
  object space 175104K, 4% used [0x00000006c1e00000,0x00000006c257dbc8,0x00000006cc900000)
 Metaspace       used 15911K, capacity 16266K, committed 16384K, reserved 1062912K
  class space    used 1889K, capacity 1984K, committed 2048K, reserved 1048576K

Card table byte_map: [0x00000000125f0000,0x0000000012df0000] byte_map_base: 0x000000000efe1000

Marking Bits: (ParMarkBitMap*) 0x0000000068920860
 Begin Bits: [0x0000000013740000, 0x00000000176c8000)
 End Bits:   [0x00000000176c8000, 0x000000001b650000)

Polling page: 0x0000000000ee0000

CodeCache: size=245760Kb used=9754Kb max_used=9754Kb free=236005Kb
 bounds [0x0000000003230000, 0x0000000003bc0000, 0x0000000012230000]
 total_blobs=3173 nmethods=2827 adapters=258
 compilation: enabled

Compilation events (10 events):
Event: 2.349 Thread 0x000000001db7e000 2828       1       org.eclipse.aether.resolution.ArtifactDescriptorResult::getRelocations (5 bytes)
Event: 2.350 Thread 0x000000001db7e000 nmethod 2828 0x0000000003bb94d0 code [0x0000000003bb9620, 0x0000000003bb9730]
Event: 2.350 Thread 0x000000001db7e000 2829       1       org.eclipse.aether.resolution.ArtifactDescriptorResult::getAliases (5 bytes)
Event: 2.350 Thread 0x000000001db7e000 nmethod 2829 0x0000000003bb9210 code [0x0000000003bb9360, 0x0000000003bb9470]
Event: 2.350 Thread 0x000000001db7e000 2830       1       org.eclipse.aether.collection.DependencyManagement::getProperties (5 bytes)
Event: 2.350 Thread 0x000000001db7e000 nmethod 2830 0x0000000003bb8f50 code [0x0000000003bb90a0, 0x0000000003bb91b0]
Event: 2.350 Thread 0x000000001db7e000 2831       1       org.eclipse.aether.collection.DependencyManagement::getScope (5 bytes)
Event: 2.350 Thread 0x000000001db7e000 nmethod 2831 0x0000000003bb8c90 code [0x0000000003bb8de0, 0x0000000003bb8ef0]
Event: 2.350 Thread 0x000000001db7e000 2832       1       org.eclipse.aether.collection.DependencyManagement::getExclusions (5 bytes)
Event: 2.350 Thread 0x000000001db7e000 nmethod 2832 0x0000000003bb89d0 code [0x0000000003bb8b20, 0x0000000003bb8c30]

GC Heap History (6 events):
Event: 0.893 GC heap before
{Heap before GC invocations=1 (full 0):
 PSYoungGen      total 76288K, used 65536K [0x000000076b500000, 0x0000000770a00000, 0x00000007c0000000)
  eden space 65536K, 100% used [0x000000076b500000,0x000000076f500000,0x000000076f500000)
  from space 10752K, 0% used [0x000000076ff80000,0x000000076ff80000,0x0000000770a00000)
  to   space 10752K, 0% used [0x000000076f500000,0x000000076f500000,0x000000076ff80000)
 ParOldGen       total 175104K, used 0K [0x00000006c1e00000, 0x00000006cc900000, 0x000000076b500000)
  object space 175104K, 0% used [0x00000006c1e00000,0x00000006c1e00000,0x00000006cc900000)
 Metaspace       used 11511K, capacity 11864K, committed 12160K, reserved 1060864K
  class space    used 1439K, capacity 1545K, committed 1664K, reserved 1048576K
Event: 0.902 GC heap after
Heap after GC invocations=1 (full 0):
 PSYoungGen      total 76288K, used 9590K [0x000000076b500000, 0x0000000770a00000, 0x00000007c0000000)
  eden space 65536K, 0% used [0x000000076b500000,0x000000076b500000,0x000000076f500000)
  from space 10752K, 89% used [0x000000076f500000,0x000000076fe5dbc8,0x000000076ff80000)
  to   space 10752K, 0% used [0x000000076ff80000,0x000000076ff80000,0x0000000770a00000)
 ParOldGen       total 175104K, used 16K [0x00000006c1e00000, 0x00000006cc900000, 0x000000076b500000)
  object space 175104K, 0% used [0x00000006c1e00000,0x00000006c1e04000,0x00000006cc900000)
 Metaspace       used 11511K, capacity 11864K, committed 12160K, reserved 1060864K
  class space    used 1439K, capacity 1545K, committed 1664K, reserved 1048576K
}
Event: 1.725 GC heap before
{Heap before GC invocations=2 (full 0):
 PSYoungGen      total 76288K, used 75126K [0x000000076b500000, 0x0000000770a00000, 0x00000007c0000000)
  eden space 65536K, 100% used [0x000000076b500000,0x000000076f500000,0x000000076f500000)
  from space 10752K, 89% used [0x000000076f500000,0x000000076fe5dbc8,0x000000076ff80000)
  to   space 10752K, 0% used [0x000000076ff80000,0x000000076ff80000,0x0000000770a00000)
 ParOldGen       total 175104K, used 16K [0x00000006c1e00000, 0x00000006cc900000, 0x000000076b500000)
  object space 175104K, 0% used [0x00000006c1e00000,0x00000006c1e04000,0x00000006cc900000)
 Metaspace       used 15263K, capacity 15624K, committed 15872K, reserved 1062912K
  class space    used 1851K, capacity 1947K, committed 2048K, reserved 1048576K
Event: 1.742 GC heap after
Heap after GC invocations=2 (full 0):
 PSYoungGen      total 76288K, used 10744K [0x000000076b500000, 0x0000000774a00000, 0x00000007c0000000)
  eden space 65536K, 0% used [0x000000076b500000,0x000000076b500000,0x000000076f500000)
  from space 10752K, 99% used [0x000000076ff80000,0x00000007709fe030,0x0000000770a00000)
  to   space 10752K, 0% used [0x000000076f500000,0x000000076f500000,0x000000076ff80000)
 ParOldGen       total 175104K, used 2038K [0x00000006c1e00000, 0x00000006cc900000, 0x000000076b500000)
  object space 175104K, 1% used [0x00000006c1e00000,0x00000006c1ffdae8,0x00000006cc900000)
 Metaspace       used 15263K, capacity 15624K, committed 15872K, reserved 1062912K
  class space    used 1851K, capacity 1947K, committed 2048K, reserved 1048576K
}
Event: 2.298 GC heap before
{Heap before GC invocations=3 (full 0):
 PSYoungGen      total 76288K, used 76280K [0x000000076b500000, 0x0000000774a00000, 0x00000007c0000000)
  eden space 65536K, 100% used [0x000000076b500000,0x000000076f500000,0x000000076f500000)
  from space 10752K, 99% used [0x000000076ff80000,0x00000007709fe030,0x0000000770a00000)
  to   space 10752K, 0% used [0x000000076f500000,0x000000076f500000,0x000000076ff80000)
 ParOldGen       total 175104K, used 2038K [0x00000006c1e00000, 0x00000006cc900000, 0x000000076b500000)
  object space 175104K, 1% used [0x00000006c1e00000,0x00000006c1ffdae8,0x00000006cc900000)
 Metaspace       used 15894K, capacity 16260K, committed 16384K, reserved 1062912K
  class space    used 1887K, capacity 1983K, committed 2048K, reserved 1048576K
Event: 2.314 GC heap after
Heap after GC invocations=3 (full 0):
 PSYoungGen      total 76288K, used 10728K [0x000000076b500000, 0x0000000774a00000, 0x00000007c0000000)
  eden space 65536K, 0% used [0x000000076b500000,0x000000076b500000,0x000000076f500000)
  from space 10752K, 99% used [0x000000076f500000,0x000000076ff7a040,0x000000076ff80000)
  to   space 10752K, 0% used [0x0000000773f80000,0x0000000773f80000,0x0000000774a00000)
 ParOldGen       total 175104K, used 7670K [0x00000006c1e00000, 0x00000006cc900000, 0x000000076b500000)
  object space 175104K, 4% used [0x00000006c1e00000,0x00000006c257dbc8,0x00000006cc900000)
 Metaspace       used 15894K, capacity 16260K, committed 16384K, reserved 1062912K
  class space    used 1887K, capacity 1983K, committed 2048K, reserved 1048576K
}

Deoptimization events (10 events):
Event: 2.060 Thread 0x0000000002dae800 Uncommon trap: reason=class_check action=maybe_recompile pc=0x00000000039681e0 method=org.apache.maven.model.interpolation.StringSearchModelInterpolator$InterpolateObjectAction$MapField.doInterpolate(Ljava/lang/Object;Lorg/apache/maven/model/interpolation
Event: 2.060 Thread 0x0000000002dae800 Uncommon trap: reason=class_check action=maybe_recompile pc=0x00000000039681e0 method=org.apache.maven.model.interpolation.StringSearchModelInterpolator$InterpolateObjectAction$MapField.doInterpolate(Ljava/lang/Object;Lorg/apache/maven/model/interpolation
Event: 2.094 Thread 0x0000000002dae800 Uncommon trap: reason=unstable_if action=reinterpret pc=0x0000000003afb0e4 method=org.codehaus.plexus.util.xml.pull.MXParser.nextImpl()I @ 280
Event: 2.115 Thread 0x0000000002dae800 Uncommon trap: reason=unstable_if action=reinterpret pc=0x0000000003a291fc method=java.util.regex.Pattern$Curly.match(Ljava/util/regex/Matcher;ILjava/lang/CharSequence;)Z @ 45
Event: 2.115 Thread 0x0000000002dae800 Uncommon trap: reason=class_check action=maybe_recompile pc=0x0000000003ac9974 method=org.codehaus.plexus.interpolation.MapBasedValueSource.getValue(Ljava/lang/String;)Ljava/lang/Object; @ 16
Event: 2.115 Thread 0x0000000002dae800 Uncommon trap: reason=class_check action=maybe_recompile pc=0x0000000003ac9974 method=org.codehaus.plexus.interpolation.MapBasedValueSource.getValue(Ljava/lang/String;)Ljava/lang/Object; @ 16
Event: 2.115 Thread 0x0000000002dae800 Uncommon trap: reason=class_check action=maybe_recompile pc=0x0000000003ac9974 method=org.codehaus.plexus.interpolation.MapBasedValueSource.getValue(Ljava/lang/String;)Ljava/lang/Object; @ 16
Event: 2.116 Thread 0x0000000002dae800 Uncommon trap: reason=class_check action=maybe_recompile pc=0x00000000039681e0 method=org.apache.maven.model.interpolation.StringSearchModelInterpolator$InterpolateObjectAction$MapField.doInterpolate(Ljava/lang/Object;Lorg/apache/maven/model/interpolation
Event: 2.352 Thread 0x0000000002dae800 Uncommon trap: reason=predicate action=maybe_recompile pc=0x00000000037b7864 method=java.nio.charset.CharsetDecoder.decode(Ljava/nio/ByteBuffer;Ljava/nio/CharBuffer;Z)Ljava/nio/charset/CoderResult; @ 54
Event: 2.352 Thread 0x0000000002dae800 Uncommon trap: reason=predicate action=maybe_recompile pc=0x00000000034d9890 method=java.nio.charset.CharsetDecoder.decode(Ljava/nio/ByteBuffer;Ljava/nio/CharBuffer;Z)Ljava/nio/charset/CoderResult; @ 54

Classes redefined (0 events):
No events

Internal exceptions (10 events):
Event: 0.453 Thread 0x0000000002dae800 Exception <a 'java/lang/ArrayIndexOutOfBoundsException': 100> (0x000000076cbd1590) thrown at [C:\re\workspace\8-2-build-windows-amd64-cygwin\jdk8u152\9742\hotspot\src\share\vm\interpreter\interpreterRuntime.cpp, line 366]
Event: 0.454 Thread 0x0000000002dae800 Exception <a 'java/lang/ArrayIndexOutOfBoundsException': 86> (0x000000076cbd2be8) thrown at [C:\re\workspace\8-2-build-windows-amd64-cygwin\jdk8u152\9742\hotspot\src\share\vm\interpreter\interpreterRuntime.cpp, line 366]
Event: 1.127 Thread 0x0000000002dae800 Exception <a 'java/lang/NoClassDefFoundError': com/google/inject/servlet/ServletModuleTargetVisitor> (0x000000076c0a3a20) thrown at [C:\re\workspace\8-2-build-windows-amd64-cygwin\jdk8u152\9742\hotspot\src\share\vm\classfile\systemDictionary.cpp, line 199
Event: 1.127 Thread 0x0000000002dae800 Exception <a 'java/lang/NoClassDefFoundError'> (0x000000076c0a3a20) thrown at [C:\re\workspace\8-2-build-windows-amd64-cygwin\jdk8u152\9742\hotspot\src\share\vm\prims\jvm.cpp, line 1394]
Event: 1.127 Thread 0x0000000002dae800 Exception <a 'java/lang/NoClassDefFoundError': javax/annotation/Priority> (0x000000076c0a84c8) thrown at [C:\re\workspace\8-2-build-windows-amd64-cygwin\jdk8u152\9742\hotspot\src\share\vm\classfile\systemDictionary.cpp, line 199]
Event: 1.254 Thread 0x0000000002dae800 Implicit null exception at 0x00000000033424d5 to 0x00000000033426ad
Event: 1.426 Thread 0x0000000002dae800 Implicit null exception at 0x0000000003852843 to 0x0000000003852a8d
Event: 1.828 Thread 0x0000000002dae800 Implicit null exception at 0x0000000003a26003 to 0x0000000003a2624d
Event: 1.867 Thread 0x0000000002dae800 Implicit null exception at 0x000000000345f695 to 0x000000000345f8a1
Event: 1.895 Thread 0x0000000002dae800 Implicit null exception at 0x0000000003a62004 to 0x0000000003a63115

Events (10 events):
Event: 2.297 Executing VM operation: ParallelGCFailedAllocation
Event: 2.314 Executing VM operation: ParallelGCFailedAllocation done
Event: 2.352 loading class sun/nio/cs/ISO_8859_1$Decoder
Event: 2.352 loading class sun/nio/cs/ISO_8859_1$Decoder done
Event: 2.352 Thread 0x0000000002dae800 Uncommon trap: trap_request=0xffffff86 fr.pc=0x00000000037b7864
Event: 2.352 Thread 0x0000000002dae800 DEOPT PACKING pc=0x00000000037b7864 sp=0x0000000002facbd0
Event: 2.352 Thread 0x0000000002dae800 DEOPT UNPACKING pc=0x000000000327582a sp=0x0000000002facae0 mode 2
Event: 2.352 Thread 0x0000000002dae800 Uncommon trap: trap_request=0xffffff86 fr.pc=0x00000000034d9890
Event: 2.352 Thread 0x0000000002dae800 DEOPT PACKING pc=0x00000000034d9890 sp=0x0000000002facb10
Event: 2.352 Thread 0x0000000002dae800 DEOPT UNPACKING pc=0x000000000327582a sp=0x0000000002facad8 mode 2


Dynamic libraries:
0x00007ff632740000 - 0x00007ff632777000 	D:\Program Files\Java\jdk1.8.0_152\bin\java.exe
0x00007ffe9e840000 - 0x00007ffe9ea21000 	C:\WINDOWS\SYSTEM32\ntdll.dll
0x00007ffe9c560000 - 0x00007ffe9c611000 	C:\WINDOWS\System32\KERNEL32.DLL
0x00007ffe9ac30000 - 0x00007ffe9aea3000 	C:\WINDOWS\System32\KERNELBASE.dll
0x00007ffe9e070000 - 0x00007ffe9e111000 	C:\WINDOWS\System32\ADVAPI32.dll
0x00007ffe9c3e0000 - 0x00007ffe9c47e000 	C:\WINDOWS\System32\msvcrt.dll
0x00007ffe9e400000 - 0x00007ffe9e45b000 	C:\WINDOWS\System32\sechost.dll
0x00007ffe9c030000 - 0x00007ffe9c154000 	C:\WINDOWS\System32\RPCRT4.dll
0x00007ffe9e4c0000 - 0x00007ffe9e650000 	C:\WINDOWS\System32\USER32.dll
0x00007ffe9ac10000 - 0x00007ffe9ac30000 	C:\WINDOWS\System32\win32u.dll
0x00007ffe9c000000 - 0x00007ffe9c028000 	C:\WINDOWS\System32\GDI32.dll
0x00007ffe9bad0000 - 0x00007ffe9bc62000 	C:\WINDOWS\System32\gdi32full.dll
0x00007ffe9b8e0000 - 0x00007ffe9b97f000 	C:\WINDOWS\System32\msvcp_win.dll
0x00007ffe9b980000 - 0x00007ffe9ba78000 	C:\WINDOWS\System32\ucrtbase.dll
0x00007ffe8dcd0000 - 0x00007ffe8df39000 	C:\WINDOWS\WinSxS\amd64_microsoft.windows.common-controls_6595b64144ccf1df_6.0.17134.706_none_fb43a2cb30647007\COMCTL32.dll
0x00007ffe9bcd0000 - 0x00007ffe9bff2000 	C:\WINDOWS\System32\combase.dll
0x00007ffe9aeb0000 - 0x00007ffe9af2a000 	C:\WINDOWS\System32\bcryptPrimitives.dll
0x00007ffe9c480000 - 0x00007ffe9c4ad000 	C:\WINDOWS\System32\IMM32.DLL
0x00000000689a0000 - 0x0000000068a72000 	D:\Program Files\Java\jdk1.8.0_152\jre\bin\msvcr100.dll
0x0000000068100000 - 0x00000000689a0000 	D:\Program Files\Java\jdk1.8.0_152\jre\bin\server\jvm.dll
0x00007ffe9c160000 - 0x00007ffe9c168000 	C:\WINDOWS\System32\PSAPI.DLL
0x00007ffe931b0000 - 0x00007ffe931ba000 	C:\WINDOWS\SYSTEM32\VERSION.dll
0x00007ffe8e100000 - 0x00007ffe8e109000 	C:\WINDOWS\SYSTEM32\WSOCK32.dll
0x00007ffe97600000 - 0x00007ffe97623000 	C:\WINDOWS\SYSTEM32\WINMM.dll
0x00007ffe9e120000 - 0x00007ffe9e18c000 	C:\WINDOWS\System32\WS2_32.dll
0x00007ffe975d0000 - 0x00007ffe975fa000 	C:\WINDOWS\SYSTEM32\WINMMBASE.dll
0x00007ffe9ba80000 - 0x00007ffe9bac9000 	C:\WINDOWS\System32\cfgmgr32.dll
0x00000000680f0000 - 0x00000000680ff000 	D:\Program Files\Java\jdk1.8.0_152\jre\bin\verify.dll
0x00000000680c0000 - 0x00000000680e9000 	D:\Program Files\Java\jdk1.8.0_152\jre\bin\java.dll
0x0000000067fd0000 - 0x0000000067ff3000 	D:\Program Files\Java\jdk1.8.0_152\jre\bin\instrument.dll
0x00000000680a0000 - 0x00000000680b6000 	D:\Program Files\Java\jdk1.8.0_152\jre\bin\zip.dll
0x00007ffe9cc30000 - 0x00007ffe9e070000 	C:\WINDOWS\System32\SHELL32.dll
0x00007ffe9c4b0000 - 0x00007ffe9c559000 	C:\WINDOWS\System32\shcore.dll
0x00007ffe9af30000 - 0x00007ffe9b63d000 	C:\WINDOWS\System32\windows.storage.dll
0x00007ffe9e7b0000 - 0x00007ffe9e801000 	C:\WINDOWS\System32\shlwapi.dll
0x00007ffe9abd0000 - 0x00007ffe9abe1000 	C:\WINDOWS\System32\kernel.appcore.dll
0x00007ffe9abb0000 - 0x00007ffe9abcf000 	C:\WINDOWS\System32\profapi.dll
0x00007ffe9ab60000 - 0x00007ffe9abac000 	C:\WINDOWS\System32\powrprof.dll
0x00007ffe9ab50000 - 0x00007ffe9ab5a000 	C:\WINDOWS\System32\FLTLIB.DLL
0x00007ffe827b0000 - 0x00007ffe827ca000 	D:\Program Files\ideaIU-2019.2.win\bin\breakgen64.dll
0x0000000068080000 - 0x000000006809a000 	D:\Program Files\Java\jdk1.8.0_152\jre\bin\net.dll
0x00007ffe9a070000 - 0x00007ffe9a0d6000 	C:\WINDOWS\system32\mswsock.dll
0x0000000068060000 - 0x0000000068071000 	D:\Program Files\Java\jdk1.8.0_152\jre\bin\nio.dll

VM Arguments:
jvm_args: -Dmaven.multiModuleProjectDirectory=E:\¥Û—ß—ßœ∞\IdeaProjects\xxb-admin-boot\xxb-dependencies -Dmaven.home=E:\apache-maven-3.3.9 -Dclassworlds.conf=E:\apache-maven-3.3.9\bin\m2.conf -Dmaven.ext.class.path=D:\Program Files\ideaIU-2019.2.win\plugins\maven\lib\maven-event-listener.jar -javaagent:D:\Program Files\ideaIU-2019.2.win\lib\idea_rt.jar=14266:D:\Program Files\ideaIU-2019.2.win\bin -Dfile.encoding=UTF-8 
java_command: org.codehaus.classworlds.Launcher -Didea.version2019.2 -s E:\apache-maven-3.3.9\conf\settings.xml -Dmaven.repo.local=E:\maven\repository install
java_class_path (initial): E:\apache-maven-3.3.9\boot\plexus-classworlds-2.5.2.jar;D:\Program Files\ideaIU-2019.2.win\lib\idea_rt.jar
Launcher Type: SUN_STANDARD

Environment Variables:
JAVA_HOME=D:\Program Files\Java\jdk1.8.0_152;
CLASSPATH=.;D:\Program Files\Java\jdk1.8.0_152;\jre\lib\rt.jar;D:\Program Files\Java\jdk1.8.0_152;\lib\tools.jar;
PATH=D:\Program Files\ideaIU-2019.2.win\jbr\\bin;D:\Program Files\ideaIU-2019.2.win\jbr\\bin\server;E:\Program Files (x86)\Python36-32\Scripts\;E:\Program Files (x86)\Python36-32\;c:\programdata\oracle\java\javapath;c:\program files (x86)\intel\icls client\;c:\program files\intel\icls client\;c:\windows\system32;c:\windows;c:\windows\system32\wbem;c:\windows\system32\windowspowershell\v1.0\;c:\program files (x86)\intel\intel(r) management engine components\dal;c:\program files\intel\intel(r) management engine components\dal;c:\program files (x86)\intel\intel(r) management engine components\ipt;c:\program files\intel\intel(r) management engine components\ipt;d:\program files\java\jdk1.8.0_152\bin;C:\Program Files (x86)\NVIDIA Corporation\PhysX\Common;E:\Program Files\OpenVPN\bin;E:\Program Files (x86)\Microsoft Visual Studio 12.0\Common7\IDE;E:\Program Files (x86)\Microsoft Visual Studio 12.0\Common7\Tools;E:\Program Files (x86)\Microsoft Visual Studio 12.0\VC\bin;E:\Program Files (x86)\Microsoft Visual Studio 12.0\VC\vcpackages;C:\Windows\Microsoft.NET\Framework64\v4.0.30319;C:\Windows\Microsoft.NET\Framework64\v3.5;C:\Windows\Microsoft.NET\Framework\v4.0.30319;C:\Windows\Microsoft.NET\Framework\v3.5;C:\Program Files\NVIDIA Corporation\NVIDIA NvDLISR;D:\Program Files\Java\jdk1.8.0_152;\bin;D:\Program Files\Java\jdk1.8.0_152;\jre\bin;C:\Program Files\Git\cmd;C:\WINDOWS\system32;C:\WINDOWS;C:\WINDOWS\System32\Wbem;C:\WINDOWS\System32\WindowsPowerShell\v1.0\;C:\WINDOWS\System32\OpenSSH\;E:\Program Files\nodejs\;C:\Users\xagu\AppData\Local\Programs\Fiddler;C:\Users\xagu\AppData\Local\Microsoft\WindowsApps;;E:\Users\xagu\AppData\Local\Programs\Microsoft VS Code\bin;C:\Users\xagu\AppData\Roaming\npm
USERNAME=xagu
OS=Windows_NT
PROCESSOR_IDENTIFIER=Intel64 Family 6 Model 158 Stepping 9, GenuineIntel



---------------  S Y S T E M  ---------------

OS: Windows 10.0 , 64 bit Build 17134 (10.0.17134.706)

CPU:total 4 (initial active 4) (4 cores per cpu, 1 threads per core) family 6 model 158 stepping 9, cmov, cx8, fxsr, mmx, sse, sse2, sse3, ssse3, sse4.1, sse4.2, popcnt, avx, avx2, aes, clmul, erms, 3dnowpref, lzcnt, tsc, tscinvbit, bmi1, bmi2, adx

Memory: 4k page, physical 16649380k(5151864k free), swap 19805040k(5140k free)

vm_info: Java HotSpot(TM) 64-Bit Server VM (25.152-b16) for windows-amd64 JRE (1.8.0_152-b16), built on Sep 14 2017 02:29:36 by "java_re" with MS VC++ 10.0 (VS2010)

time: Sun May 03 21:33:44 2020
elapsed time: 2 seconds (0d 0h 0m 2s)

